running egg_info
creating build/ros2_iBus/ros2_iBus.egg-info
writing build/ros2_iBus/ros2_iBus.egg-info/PKG-INFO
writing dependency_links to build/ros2_iBus/ros2_iBus.egg-info/dependency_links.txt
writing entry points to build/ros2_iBus/ros2_iBus.egg-info/entry_points.txt
writing requirements to build/ros2_iBus/ros2_iBus.egg-info/requires.txt
writing top-level names to build/ros2_iBus/ros2_iBus.egg-info/top_level.txt
writing manifest file 'build/ros2_iBus/ros2_iBus.egg-info/SOURCES.txt'
reading manifest file 'build/ros2_iBus/ros2_iBus.egg-info/SOURCES.txt'
writing manifest file 'build/ros2_iBus/ros2_iBus.egg-info/SOURCES.txt'
running build
running build_py
creating /home/raspi/drivers/ros2_iBus/build/ros2_iBus/build
creating /home/raspi/drivers/ros2_iBus/build/ros2_iBus/build/lib
creating /home/raspi/drivers/ros2_iBus/build/ros2_iBus/build/lib/ros2_iBus
copying ros2_iBus/__init__.py -> /home/raspi/drivers/ros2_iBus/build/ros2_iBus/build/lib/ros2_iBus
copying ros2_iBus/iBus_node.py -> /home/raspi/drivers/ros2_iBus/build/ros2_iBus/build/lib/ros2_iBus
running install
running install_lib
creating /home/raspi/drivers/ros2_iBus/install/ros2_iBus/lib/python3.10/site-packages/ros2_iBus
copying /home/raspi/drivers/ros2_iBus/build/ros2_iBus/build/lib/ros2_iBus/__init__.py -> /home/raspi/drivers/ros2_iBus/install/ros2_iBus/lib/python3.10/site-packages/ros2_iBus
copying /home/raspi/drivers/ros2_iBus/build/ros2_iBus/build/lib/ros2_iBus/iBus_node.py -> /home/raspi/drivers/ros2_iBus/install/ros2_iBus/lib/python3.10/site-packages/ros2_iBus
byte-compiling /home/raspi/drivers/ros2_iBus/install/ros2_iBus/lib/python3.10/site-packages/ros2_iBus/__init__.py to __init__.cpython-310.pyc
byte-compiling /home/raspi/drivers/ros2_iBus/install/ros2_iBus/lib/python3.10/site-packages/ros2_iBus/iBus_node.py to iBus_node.cpython-310.pyc
running install_data
creating /home/raspi/drivers/ros2_iBus/install/ros2_iBus/share/ament_index
creating /home/raspi/drivers/ros2_iBus/install/ros2_iBus/share/ament_index/resource_index
creating /home/raspi/drivers/ros2_iBus/install/ros2_iBus/share/ament_index/resource_index/packages
copying resource/ros2_iBus -> /home/raspi/drivers/ros2_iBus/install/ros2_iBus/share/ament_index/resource_index/packages
copying package.xml -> /home/raspi/drivers/ros2_iBus/install/ros2_iBus/share/ros2_iBus
running install_egg_info
Copying build/ros2_iBus/ros2_iBus.egg-info to /home/raspi/drivers/ros2_iBus/install/ros2_iBus/lib/python3.10/site-packages/ros2_iBus-0.0.0-py3.10.egg-info
running install_scripts
Installing iBus_node script to /home/raspi/drivers/ros2_iBus/install/ros2_iBus/lib/ros2_iBus
writing list of installed files to '/home/raspi/drivers/ros2_iBus/build/ros2_iBus/install.log'
