[8.159s] Invoking command in '/home/raspi/drivers/ros2_iBus': PYTHONPATH=/home/raspi/drivers/ros2_iBus/build/ros2_iBus/prefix_override:/home/raspi/drivers/ros2_iBus/install/ros2_iBus/lib/python3.10/site-packages:${PYTHONPATH} /usr/bin/python3 -W ignore:setup.py install is deprecated setup.py egg_info --egg-base build/ros2_iBus build --build-base /home/raspi/drivers/ros2_iBus/build/ros2_iBus/build install --record /home/raspi/drivers/ros2_iBus/build/ros2_iBus/install.log --single-version-externally-managed install_data
[11.231s] running egg_info
[11.235s] creating build/ros2_iBus/ros2_iBus.egg-info
[11.236s] writing build/ros2_iBus/ros2_iBus.egg-info/PKG-INFO
[11.238s] writing dependency_links to build/ros2_iBus/ros2_iBus.egg-info/dependency_links.txt
[11.239s] writing entry points to build/ros2_iBus/ros2_iBus.egg-info/entry_points.txt
[11.239s] writing requirements to build/ros2_iBus/ros2_iBus.egg-info/requires.txt
[11.240s] writing top-level names to build/ros2_iBus/ros2_iBus.egg-info/top_level.txt
[11.242s] writing manifest file 'build/ros2_iBus/ros2_iBus.egg-info/SOURCES.txt'
[11.251s] reading manifest file 'build/ros2_iBus/ros2_iBus.egg-info/SOURCES.txt'
[11.255s] writing manifest file 'build/ros2_iBus/ros2_iBus.egg-info/SOURCES.txt'
[11.257s] running build
[11.258s] running build_py
[11.259s] creating /home/raspi/drivers/ros2_iBus/build/ros2_iBus/build
[11.260s] creating /home/raspi/drivers/ros2_iBus/build/ros2_iBus/build/lib
[11.262s] creating /home/raspi/drivers/ros2_iBus/build/ros2_iBus/build/lib/ros2_iBus
[11.264s] copying ros2_iBus/__init__.py -> /home/raspi/drivers/ros2_iBus/build/ros2_iBus/build/lib/ros2_iBus
[11.264s] copying ros2_iBus/iBus_node.py -> /home/raspi/drivers/ros2_iBus/build/ros2_iBus/build/lib/ros2_iBus
[11.265s] running install
[11.265s] running install_lib
[11.269s] creating /home/raspi/drivers/ros2_iBus/install/ros2_iBus/lib/python3.10/site-packages/ros2_iBus
[11.270s] copying /home/raspi/drivers/ros2_iBus/build/ros2_iBus/build/lib/ros2_iBus/__init__.py -> /home/raspi/drivers/ros2_iBus/install/ros2_iBus/lib/python3.10/site-packages/ros2_iBus
[11.270s] copying /home/raspi/drivers/ros2_iBus/build/ros2_iBus/build/lib/ros2_iBus/iBus_node.py -> /home/raspi/drivers/ros2_iBus/install/ros2_iBus/lib/python3.10/site-packages/ros2_iBus
[11.286s] byte-compiling /home/raspi/drivers/ros2_iBus/install/ros2_iBus/lib/python3.10/site-packages/ros2_iBus/__init__.py to __init__.cpython-310.pyc
[11.288s] byte-compiling /home/raspi/drivers/ros2_iBus/install/ros2_iBus/lib/python3.10/site-packages/ros2_iBus/iBus_node.py to iBus_node.cpython-310.pyc
[11.289s] Sorry: TabError: inconsistent use of tabs and spaces in indentation (iBus_node.py, line 11)
[11.289s] running install_data
[11.290s] creating /home/raspi/drivers/ros2_iBus/install/ros2_iBus/share/ament_index
[11.290s] creating /home/raspi/drivers/ros2_iBus/install/ros2_iBus/share/ament_index/resource_index
[11.290s] creating /home/raspi/drivers/ros2_iBus/install/ros2_iBus/share/ament_index/resource_index/packages
[11.291s] copying resource/ros2_iBus -> /home/raspi/drivers/ros2_iBus/install/ros2_iBus/share/ament_index/resource_index/packages
[11.291s] copying package.xml -> /home/raspi/drivers/ros2_iBus/install/ros2_iBus/share/ros2_iBus
[11.292s] running install_egg_info
[11.317s] Copying build/ros2_iBus/ros2_iBus.egg-info to /home/raspi/drivers/ros2_iBus/install/ros2_iBus/lib/python3.10/site-packages/ros2_iBus-0.0.0-py3.10.egg-info
[11.322s] running install_scripts
[11.561s] Installing iBus_node script to /home/raspi/drivers/ros2_iBus/install/ros2_iBus/lib/ros2_iBus
[11.562s] writing list of installed files to '/home/raspi/drivers/ros2_iBus/build/ros2_iBus/install.log'
[11.699s] Invoked command in '/home/raspi/drivers/ros2_iBus' returned '0': PYTHONPATH=/home/raspi/drivers/ros2_iBus/build/ros2_iBus/prefix_override:/home/raspi/drivers/ros2_iBus/install/ros2_iBus/lib/python3.10/site-packages:${PYTHONPATH} /usr/bin/python3 -W ignore:setup.py install is deprecated setup.py egg_info --egg-base build/ros2_iBus build --build-base /home/raspi/drivers/ros2_iBus/build/ros2_iBus/build install --record /home/raspi/drivers/ros2_iBus/build/ros2_iBus/install.log --single-version-externally-managed install_data
