[1.601s] DEBUG:colcon:Command line arguments: ['/usr/bin/colcon', 'build']
[1.602s] DEBUG:colcon:Parsed command line arguments: Namespace(log_base=None, log_level=None, verb_name='build', build_base='build', install_base='install', merge_install=False, symlink_install=False, test_result_base=None, continue_on_error=False, executor='parallel', parallel_workers=4, event_handlers=None, ignore_user_meta=False, metas=['./colcon.meta'], base_paths=['.'], packages_ignore=None, packages_ignore_regex=None, paths=None, packages_up_to=None, packages_up_to_regex=None, packages_above=None, packages_above_and_dependencies=None, packages_above_depth=None, packages_select_by_dep=None, packages_skip_by_dep=None, packages_skip_up_to=None, packages_select_build_failed=False, packages_skip_build_finished=False, packages_select_test_failures=False, packages_skip_test_passed=False, packages_select=None, packages_skip=None, packages_select_regex=None, packages_skip_regex=None, packages_start=None, packages_end=None, allow_overriding=[], cmake_args=None, cmake_target=None, cmake_target_skip_unavailable=False, cmake_clean_cache=False, cmake_clean_first=False, cmake_force_configure=False, ament_cmake_args=None, catkin_cmake_args=None, catkin_skip_building_tests=False, mixin_files=None, mixin=None, verb_parser=<colcon_mixin.mixin.mixin_argument.MixinArgumentDecorator object at 0xffff8e9de0e0>, verb_extension=<colcon_core.verb.build.BuildVerb object at 0xffff8eb5e770>, main=<bound method BuildVerb.main of <colcon_core.verb.build.BuildVerb object at 0xffff8eb5e770>>, mixin_verb=('build',))
[3.403s] Level 1:colcon.colcon_core.package_discovery:discover_packages(colcon_meta) check parameters
[3.404s] Level 1:colcon.colcon_core.package_discovery:discover_packages(recursive) check parameters
[3.404s] Level 1:colcon.colcon_core.package_discovery:discover_packages(ignore) check parameters
[3.404s] Level 1:colcon.colcon_core.package_discovery:discover_packages(path) check parameters
[3.404s] Level 1:colcon.colcon_core.package_discovery:discover_packages(colcon_meta) discover
[3.405s] Level 1:colcon.colcon_core.package_discovery:discover_packages(recursive) discover
[3.405s] INFO:colcon.colcon_core.package_discovery:Crawling recursively for packages in '/home/raspi/drivers/ros2_iBus'
[3.405s] Level 1:colcon.colcon_core.package_identification:_identify(.) by extensions ['ignore', 'ignore_ament_install']
[3.406s] Level 1:colcon.colcon_core.package_identification:_identify(.) by extension 'ignore'
[3.406s] Level 1:colcon.colcon_core.package_identification:_identify(.) by extension 'ignore_ament_install'
[3.406s] Level 1:colcon.colcon_core.package_identification:_identify(.) by extensions ['colcon_pkg']
[3.406s] Level 1:colcon.colcon_core.package_identification:_identify(.) by extension 'colcon_pkg'
[3.406s] Level 1:colcon.colcon_core.package_identification:_identify(.) by extensions ['colcon_meta']
[3.407s] Level 1:colcon.colcon_core.package_identification:_identify(.) by extension 'colcon_meta'
[3.407s] Level 1:colcon.colcon_core.package_identification:_identify(.) by extensions ['ros']
[3.407s] Level 1:colcon.colcon_core.package_identification:_identify(.) by extension 'ros'
[3.481s] DEBUG:colcon.colcon_core.package_identification:Package '.' with type 'ros.ament_python' and name 'ros2_iBus'
[3.482s] Level 1:colcon.colcon_core.package_discovery:discover_packages(recursive) using defaults
[3.482s] Level 1:colcon.colcon_core.package_discovery:discover_packages(ignore) discover
[3.482s] Level 1:colcon.colcon_core.package_discovery:discover_packages(ignore) using defaults
[3.482s] Level 1:colcon.colcon_core.package_discovery:discover_packages(path) discover
[3.482s] Level 1:colcon.colcon_core.package_discovery:discover_packages(path) using defaults
[3.786s] Level 1:colcon.colcon_core.package_discovery:discover_packages(prefix_path) check parameters
[3.786s] Level 1:colcon.colcon_core.package_discovery:discover_packages(prefix_path) discover
[3.956s] DEBUG:colcon.colcon_installed_package_information.package_discovery:Found 345 installed packages in /home/raspi/ros2_humble/install
[3.973s] DEBUG:colcon.colcon_installed_package_information.package_discovery:Found 93 installed packages in /opt/ros/humble
[3.994s] Level 1:colcon.colcon_core.package_discovery:discover_packages(prefix_path) using defaults
[5.645s] Level 5:colcon.colcon_core.verb:set package 'ros2_iBus' build argument 'cmake_args' from command line to 'None'
[5.645s] Level 5:colcon.colcon_core.verb:set package 'ros2_iBus' build argument 'cmake_target' from command line to 'None'
[5.645s] Level 5:colcon.colcon_core.verb:set package 'ros2_iBus' build argument 'cmake_target_skip_unavailable' from command line to 'False'
[5.645s] Level 5:colcon.colcon_core.verb:set package 'ros2_iBus' build argument 'cmake_clean_cache' from command line to 'False'
[5.645s] Level 5:colcon.colcon_core.verb:set package 'ros2_iBus' build argument 'cmake_clean_first' from command line to 'False'
[5.645s] Level 5:colcon.colcon_core.verb:set package 'ros2_iBus' build argument 'cmake_force_configure' from command line to 'False'
[5.646s] Level 5:colcon.colcon_core.verb:set package 'ros2_iBus' build argument 'ament_cmake_args' from command line to 'None'
[5.646s] Level 5:colcon.colcon_core.verb:set package 'ros2_iBus' build argument 'catkin_cmake_args' from command line to 'None'
[5.646s] Level 5:colcon.colcon_core.verb:set package 'ros2_iBus' build argument 'catkin_skip_building_tests' from command line to 'False'
[5.646s] DEBUG:colcon.colcon_core.verb:Building package 'ros2_iBus' with the following arguments: {'ament_cmake_args': None, 'build_base': '/home/raspi/drivers/ros2_iBus/build/ros2_iBus', 'catkin_cmake_args': None, 'catkin_skip_building_tests': False, 'cmake_args': None, 'cmake_clean_cache': False, 'cmake_clean_first': False, 'cmake_force_configure': False, 'cmake_target': None, 'cmake_target_skip_unavailable': False, 'install_base': '/home/raspi/drivers/ros2_iBus/install/ros2_iBus', 'merge_install': False, 'path': '/home/raspi/drivers/ros2_iBus', 'symlink_install': False, 'test_result_base': None}
[5.646s] INFO:colcon.colcon_core.executor:Executing jobs using 'parallel' executor
[5.650s] DEBUG:colcon.colcon_parallel_executor.executor.parallel:run_until_complete
[5.651s] INFO:colcon.colcon_ros.task.ament_python.build:Building ROS package in '/home/raspi/drivers/ros2_iBus' with build type 'ament_python'
[5.652s] Level 1:colcon.colcon_core.shell:create_environment_hook('ros2_iBus', 'ament_prefix_path')
[5.708s] INFO:colcon.colcon_core.plugin_system:Skipping extension 'colcon_core.shell.bat': Not used on non-Windows systems
[5.710s] INFO:colcon.colcon_core.shell:Creating environment hook '/home/raspi/drivers/ros2_iBus/install/ros2_iBus/share/ros2_iBus/hook/ament_prefix_path.ps1'
[5.715s] INFO:colcon.colcon_core.shell:Creating environment descriptor '/home/raspi/drivers/ros2_iBus/install/ros2_iBus/share/ros2_iBus/hook/ament_prefix_path.dsv'
[5.718s] INFO:colcon.colcon_core.shell:Creating environment hook '/home/raspi/drivers/ros2_iBus/install/ros2_iBus/share/ros2_iBus/hook/ament_prefix_path.sh'
[5.722s] INFO:colcon.colcon_core.shell:Skip shell extension 'powershell' for command environment: Not usable outside of PowerShell
[5.722s] DEBUG:colcon.colcon_core.shell:Skip shell extension 'dsv' for command environment
[9.261s] INFO:colcon.colcon_core.task.python.build:Building Python package in '/home/raspi/drivers/ros2_iBus'
[9.262s] INFO:colcon.colcon_core.shell:Skip shell extension 'powershell' for command environment: Not usable outside of PowerShell
[9.262s] DEBUG:colcon.colcon_core.shell:Skip shell extension 'dsv' for command environment
[13.811s] DEBUG:colcon.colcon_core.event_handler.log_command:Invoking command in '/home/raspi/drivers/ros2_iBus': PYTHONPATH=/home/raspi/drivers/ros2_iBus/build/ros2_iBus/prefix_override:/home/raspi/drivers/ros2_iBus/install/ros2_iBus/lib/python3.10/site-packages:${PYTHONPATH} /usr/bin/python3 -W ignore:setup.py install is deprecated setup.py egg_info --egg-base build/ros2_iBus build --build-base /home/raspi/drivers/ros2_iBus/build/ros2_iBus/build install --record /home/raspi/drivers/ros2_iBus/build/ros2_iBus/install.log --single-version-externally-managed install_data
[17.351s] DEBUG:colcon.colcon_core.event_handler.log_command:Invoked command in '/home/raspi/drivers/ros2_iBus' returned '0': PYTHONPATH=/home/raspi/drivers/ros2_iBus/build/ros2_iBus/prefix_override:/home/raspi/drivers/ros2_iBus/install/ros2_iBus/lib/python3.10/site-packages:${PYTHONPATH} /usr/bin/python3 -W ignore:setup.py install is deprecated setup.py egg_info --egg-base build/ros2_iBus build --build-base /home/raspi/drivers/ros2_iBus/build/ros2_iBus/build install --record /home/raspi/drivers/ros2_iBus/build/ros2_iBus/install.log --single-version-externally-managed install_data
[17.408s] Level 1:colcon.colcon_core.environment:checking '/home/raspi/drivers/ros2_iBus/install/ros2_iBus' for CMake module files
[17.410s] Level 1:colcon.colcon_core.environment:checking '/home/raspi/drivers/ros2_iBus/install/ros2_iBus' for CMake config files
[17.414s] Level 1:colcon.colcon_core.environment:checking '/home/raspi/drivers/ros2_iBus/install/ros2_iBus/lib'
[17.415s] Level 1:colcon.colcon_core.environment:checking '/home/raspi/drivers/ros2_iBus/install/ros2_iBus/bin'
[17.415s] Level 1:colcon.colcon_core.environment:checking '/home/raspi/drivers/ros2_iBus/install/ros2_iBus/lib/pkgconfig/ros2_iBus.pc'
[17.416s] Level 1:colcon.colcon_core.environment:checking '/home/raspi/drivers/ros2_iBus/install/ros2_iBus/lib/python3.10/site-packages'
[17.417s] Level 1:colcon.colcon_core.shell:create_environment_hook('ros2_iBus', 'pythonpath')
[17.418s] INFO:colcon.colcon_core.shell:Creating environment hook '/home/raspi/drivers/ros2_iBus/install/ros2_iBus/share/ros2_iBus/hook/pythonpath.ps1'
[17.419s] INFO:colcon.colcon_core.shell:Creating environment descriptor '/home/raspi/drivers/ros2_iBus/install/ros2_iBus/share/ros2_iBus/hook/pythonpath.dsv'
[17.421s] INFO:colcon.colcon_core.shell:Creating environment hook '/home/raspi/drivers/ros2_iBus/install/ros2_iBus/share/ros2_iBus/hook/pythonpath.sh'
[17.424s] Level 1:colcon.colcon_core.environment:checking '/home/raspi/drivers/ros2_iBus/install/ros2_iBus/bin'
[17.424s] Level 1:colcon.colcon_core.environment:create_environment_scripts_only(ros2_iBus)
[17.426s] INFO:colcon.colcon_core.shell:Creating package script '/home/raspi/drivers/ros2_iBus/install/ros2_iBus/share/ros2_iBus/package.ps1'
[17.430s] INFO:colcon.colcon_core.shell:Creating package descriptor '/home/raspi/drivers/ros2_iBus/install/ros2_iBus/share/ros2_iBus/package.dsv'
[17.433s] INFO:colcon.colcon_core.shell:Creating package script '/home/raspi/drivers/ros2_iBus/install/ros2_iBus/share/ros2_iBus/package.sh'
[17.437s] INFO:colcon.colcon_core.shell:Creating package script '/home/raspi/drivers/ros2_iBus/install/ros2_iBus/share/ros2_iBus/package.bash'
[17.441s] INFO:colcon.colcon_core.shell:Creating package script '/home/raspi/drivers/ros2_iBus/install/ros2_iBus/share/ros2_iBus/package.zsh'
[17.445s] Level 1:colcon.colcon_core.environment:create_file_with_runtime_dependencies(/home/raspi/drivers/ros2_iBus/install/ros2_iBus/share/colcon-core/packages/ros2_iBus)
[17.446s] DEBUG:colcon.colcon_parallel_executor.executor.parallel:closing loop
[17.448s] DEBUG:colcon.colcon_parallel_executor.executor.parallel:loop closed
[17.449s] DEBUG:colcon.colcon_parallel_executor.executor.parallel:run_until_complete finished with '0'
[17.449s] DEBUG:colcon.colcon_core.event_reactor:joining thread
[17.547s] INFO:colcon.colcon_core.plugin_system:Skipping extension 'colcon_notification.desktop_notification.terminal_notifier': Not used on non-Darwin systems
[17.548s] INFO:colcon.colcon_core.plugin_system:Skipping extension 'colcon_notification.desktop_notification.win32': Not used on non-Windows systems
[17.548s] INFO:colcon.colcon_notification.desktop_notification:Sending desktop notification using 'notify2'
[17.637s] DEBUG:colcon.colcon_core.event_reactor:joined thread
[17.638s] INFO:colcon.colcon_core.shell:Creating prefix script '/home/raspi/drivers/ros2_iBus/install/local_setup.ps1'
[17.644s] INFO:colcon.colcon_core.shell:Creating prefix util module '/home/raspi/drivers/ros2_iBus/install/_local_setup_util_ps1.py'
[17.652s] INFO:colcon.colcon_core.shell:Creating prefix chain script '/home/raspi/drivers/ros2_iBus/install/setup.ps1'
[17.784s] INFO:colcon.colcon_core.shell:Creating prefix script '/home/raspi/drivers/ros2_iBus/install/local_setup.sh'
[17.790s] INFO:colcon.colcon_core.shell:Creating prefix util module '/home/raspi/drivers/ros2_iBus/install/_local_setup_util_sh.py'
[17.793s] INFO:colcon.colcon_core.shell:Creating prefix chain script '/home/raspi/drivers/ros2_iBus/install/setup.sh'
[17.898s] INFO:colcon.colcon_core.shell:Creating prefix script '/home/raspi/drivers/ros2_iBus/install/local_setup.bash'
[17.901s] INFO:colcon.colcon_core.shell:Creating prefix chain script '/home/raspi/drivers/ros2_iBus/install/setup.bash'
[17.998s] INFO:colcon.colcon_core.shell:Creating prefix script '/home/raspi/drivers/ros2_iBus/install/local_setup.zsh'
[18.001s] INFO:colcon.colcon_core.shell:Creating prefix chain script '/home/raspi/drivers/ros2_iBus/install/setup.zsh'
